<?xml version="1.0" encoding="UTF-8"?>
<!-- Generated by org.testng.reporters.JUnitXMLReporter -->
<testsuite ignored="0" hostname="LAP_S_073" failures="0" tests="10" name="Default test" time="16.26" errors="0" timestamp="2025-09-05T14:49:27 IST">
  <testcase classname="com.TelecomProject.UserApiTest" name="AddNewUser" time="3.418"/>
  <testcase classname="com.TelecomProject.UserApiTest" name="GetUserProfile" time="1.328"/>
  <testcase classname="com.TelecomProject.UserApiTest" name="UpdateUser" time="1.353"/>
  <testcase classname="com.TelecomProject.UserApiTest" name="LoginUser" time="1.377"/>
  <testcase classname="com.TelecomProject.UserApiTest" name="AddContact" time="1.385"/>
  <testcase classname="com.TelecomProject.UserApiTest" name="GetContactList" time="1.299"/>
  <testcase classname="com.TelecomProject.UserApiTest" name="testGetContact" time="1.298"/>
  <testcase classname="com.TelecomProject.UserApiTest" name="UpdateContact" time="1.279"/>
  <testcase classname="com.TelecomProject.UserApiTest" name="PatchContact" time="1.304"/>
  <testcase classname="com.TelecomProject.UserApiTest" name="LogoutUser" time="1.283"/>
</testsuite> <!-- Default test -->
