<?xml version="1.0" encoding="UTF-8"?>
<testng-results ignored="0" total="2" passed="2" failed="0" skipped="0">
  <reporter-output>
  </reporter-output>
  <suite started-at="2026-03-04T11:08:02 IST" name="Default suite" finished-at="2026-03-04T11:08:08 IST" duration-ms="6250">
    <groups>
    </groups>
    <test started-at="2026-03-04T11:08:02 IST" name="Default test" finished-at="2026-03-04T11:08:08 IST" duration-ms="6250">
      <class name="com.RestAPINonBDD.JsonValidationTest">
        <test-method signature="testJsonBody()[pri:1, instance:com.RestAPINonBDD.JsonValidationTest@245b4bdc]" started-at="2026-03-04T11:08:02 IST" name="testJsonBody" finished-at="2026-03-04T11:08:07 IST" duration-ms="5300" status="PASS">
          <reporter-output>
          </reporter-output>
        </test-method> <!-- testJsonBody -->
        <test-method signature="testListOfUsers()[pri:2, instance:com.RestAPINonBDD.JsonValidationTest@245b4bdc]" started-at="2026-03-04T11:08:07 IST" name="testListOfUsers" finished-at="2026-03-04T11:08:08 IST" duration-ms="857" status="PASS">
          <reporter-output>
          </reporter-output>
        </test-method> <!-- testListOfUsers -->
      </class> <!-- com.RestAPINonBDD.JsonValidationTest -->
    </test> <!-- Default test -->
  </suite> <!-- Default suite -->
</testng-results>
