<?xml version="1.0" encoding="UTF-8"?>
<!-- Generated by org.testng.reporters.JUnitReportReporter -->
<testsuite hostname="Anjan_Roy" failures="0" tests="2" name="com.RestAPINonBDD.JsonValidationTest" time="6.157" errors="0" timestamp="2026-03-04T11:08:09 IST" skipped="0">
  <testcase classname="com.RestAPINonBDD.JsonValidationTest" name="testJsonBody" time="5.300"/>
  <system-out/>
  <testcase classname="com.RestAPINonBDD.JsonValidationTest" name="testListOfUsers" time="0.857"/>
  <system-out/>
</testsuite> <!-- com.RestAPINonBDD.JsonValidationTest -->
